

Started GET "/" for 119.73.140.114 at 2016-05-10 03:17:14 +0000
Cannot render console from 119.73.140.114! Allowed networks: 127.0.0.1, ::1, 127.0.0.0/127.255.255.255
Processing by Rails::WelcomeController#index as HTML
  Rendered /usr/local/rvm/gems/ruby-2.3.0/gems/railties-4.2.5/lib/rails/templates/rails/welcome/index.html.erb (3.5ms)
Completed 200 OK in 35ms (Views: 20.1ms | ActiveRecord: 0.0ms)


Started GET "/" for ::1 at 2016-05-10 12:38:09 +0800
Processing by PagesController#index as HTML
  Rendered pages/index.html.erb within layouts/application (1.2ms)
Completed 200 OK in 1240ms (Views: 1231.5ms | ActiveRecord: 0.0ms)


Started GET "/assets/jquery.self-660adc51e0224b731d29f575a6f1ec167ba08ad06ed5deca4f1e8654c135bf4c.js?body=1" for ::1 at 2016-05-10 12:38:11 +0800


Started GET "/assets/jquery_ujs.self-e87806d0cf4489aeb1bb7288016024e8de67fd18db693fe026fe3907581e53cd.js?body=1" for ::1 at 2016-05-10 12:38:11 +0800


Started GET "/home" for ::1 at 2016-05-10 12:38:17 +0800
Processing by PagesController#home as HTML
  Rendered pages/home.html.erb within layouts/application (0.4ms)
Completed 200 OK in 21ms (Views: 20.7ms | ActiveRecord: 0.0ms)


Started GET "/explore" for ::1 at 2016-05-10 12:38:23 +0800
Processing by PagesController#explore as HTML
  Rendered pages/explore.html.erb within layouts/application (0.4ms)
Completed 200 OK in 19ms (Views: 18.1ms | ActiveRecord: 0.0ms)


Started GET "/explore" for ::1 at 2016-05-10 12:48:42 +0800
Processing by PagesController#explore as HTML
  Rendered pages/explore.html.erb within layouts/application (0.9ms)
Completed 200 OK in 3104ms (Views: 3095.8ms | ActiveRecord: 0.0ms)


Started GET "/assets/application.self-79c9079712df97ef995a77e18c1b28d02ccf802edddf847ecf0a6022b8593c06.css?body=1" for ::1 at 2016-05-10 12:48:46 +0800


Started GET "/assets/bootstrap/affix.self-3555752f8a930795ee9e56751a52e6871104ae85d01b3ab8363da3802a5ecc78.js?body=1" for ::1 at 2016-05-10 12:48:46 +0800


Started GET "/assets/bootstrap/alert.self-d8b7bd612b3dcfdefb7b5539b9d5848d66ccbd3e7af8bb8d48bfb3288aaa7be8.js?body=1" for ::1 at 2016-05-10 12:48:46 +0800


Started GET "/assets/bootstrap/button.self-e74d33ba39500940a78d6fa4d2d64f6ca7fd86d60a2149641f7fde7ba711d8a1.js?body=1" for ::1 at 2016-05-10 12:48:46 +0800


Started GET "/assets/bootstrap/carousel.self-35d204878d906298e55bc24553e11fd89b980fc4ffe5792fe36af8c0da289c54.js?body=1" for ::1 at 2016-05-10 12:48:46 +0800


Started GET "/assets/bootstrap/collapse.self-056c40532d9f0f126ec17e839f60c942f573fbd61a086e7f156306e3fc5e8c1f.js?body=1" for ::1 at 2016-05-10 12:48:46 +0800


Started GET "/assets/bootstrap/dropdown.self-e56c2ffee4618411d43ecf15c89273f6223847ad756e1cd17545d04afa732ed4.js?body=1" for ::1 at 2016-05-10 12:48:46 +0800


Started GET "/assets/bootstrap/modal.self-62463080dba6b9d024ff0a3192da0e76eacbc683194f3395047c6f5cfa0acb59.js?body=1" for ::1 at 2016-05-10 12:48:46 +0800


Started GET "/assets/bootstrap/scrollspy.self-52afd90e8ba97d9f08617a13986e8869d6c4a45751c0bff59a6f91241e722aca.js?body=1" for ::1 at 2016-05-10 12:48:46 +0800


Started GET "/assets/bootstrap/tab.self-dad0d5c377f9fae26394484535ebb23ccf68afae084f896af6ea4cdf8c9f6ae0.js?body=1" for ::1 at 2016-05-10 12:48:46 +0800


Started GET "/assets/bootstrap/transition.self-3b268d4cd8c79e46ded7392885f72f64ffb5b0d49948a12b8cf9779f6163e13a.js?body=1" for ::1 at 2016-05-10 12:48:46 +0800


Started GET "/assets/bootstrap/tooltip.self-facdc69246a072acb927ded77ff655f7c27a518b9357fddd45d119fbc8a0ab9f.js?body=1" for ::1 at 2016-05-10 12:48:46 +0800


Started GET "/assets/bootstrap/popover.self-210cff1fb4b72b71a29b5122180cb5937c8145cd13a934dc838280f1d9607a3e.js?body=1" for ::1 at 2016-05-10 12:48:46 +0800


Started GET "/assets/bootstrap-sprockets.self-fbfa5ad7d9aa0afe439ec4ff3883acc4cb92b62cb67c40d674320c9aa1d4642d.js?body=1" for ::1 at 2016-05-10 12:48:46 +0800


Started GET "/assets/application.self-f8806224e027f3e3f0138ea9ce99319e298dfdb323304d1f1be6eae8e8c74724.js?body=1" for ::1 at 2016-05-10 12:48:46 +0800


Started GET "/explore" for ::1 at 2016-05-10 12:51:41 +0800
Processing by PagesController#explore as HTML
  Rendered pages/explore.html.erb within layouts/application (0.0ms)
Completed 500 Internal Server Error in 46ms (ActiveRecord: 0.0ms)

ActionView::Template::Error (Missing partial layours/_nav with {:locale=>[:en], :formats=>[:html], :variants=>[], :handlers=>[:erb, :builder, :raw, :ruby, :coffee, :jbuilder]}. Searched in:
  * "/Users/LookRain/Jitter/app/views"
):
     7:   <%= csrf_meta_tags %>
     8: </head>
     9: <body>
    10: <%= render '/layours/nav' %>
    11: <%= yield %>
    12: 
    13: </body>
  app/views/layouts/application.html.erb:10:in `_app_views_layouts_application_html_erb___969117382283983000_70291314376020'


  Rendered /Users/LookRain/.rvm/gems/ruby-2.3.1/gems/actionpack-4.2.5/lib/action_dispatch/middleware/templates/rescues/_source.erb (6.8ms)
  Rendered /Users/LookRain/.rvm/gems/ruby-2.3.1/gems/actionpack-4.2.5/lib/action_dispatch/middleware/templates/rescues/_trace.html.erb (2.9ms)
  Rendered /Users/LookRain/.rvm/gems/ruby-2.3.1/gems/actionpack-4.2.5/lib/action_dispatch/middleware/templates/rescues/_request_and_response.html.erb (1.4ms)
  Rendered /Users/LookRain/.rvm/gems/ruby-2.3.1/gems/actionpack-4.2.5/lib/action_dispatch/middleware/templates/rescues/template_error.html.erb within rescues/layout (52.4ms)
  Rendered /Users/LookRain/.rvm/gems/ruby-2.3.1/gems/web-console-2.3.0/lib/web_console/templates/_markup.html.erb (0.5ms)
  Rendered /Users/LookRain/.rvm/gems/ruby-2.3.1/gems/web-console-2.3.0/lib/web_console/templates/_inner_console_markup.html.erb within layouts/inlined_string (0.3ms)
  Rendered /Users/LookRain/.rvm/gems/ruby-2.3.1/gems/web-console-2.3.0/lib/web_console/templates/_prompt_box_markup.html.erb within layouts/inlined_string (0.3ms)
  Rendered /Users/LookRain/.rvm/gems/ruby-2.3.1/gems/web-console-2.3.0/lib/web_console/templates/style.css.erb within layouts/inlined_string (0.5ms)
  Rendered /Users/LookRain/.rvm/gems/ruby-2.3.1/gems/web-console-2.3.0/lib/web_console/templates/console.js.erb within layouts/javascript (47.8ms)
  Rendered /Users/LookRain/.rvm/gems/ruby-2.3.1/gems/web-console-2.3.0/lib/web_console/templates/main.js.erb within layouts/javascript (0.3ms)
  Rendered /Users/LookRain/.rvm/gems/ruby-2.3.1/gems/web-console-2.3.0/lib/web_console/templates/error_page.js.erb within layouts/javascript (0.6ms)
  Rendered /Users/LookRain/.rvm/gems/ruby-2.3.1/gems/web-console-2.3.0/lib/web_console/templates/index.html.erb (97.1ms)


Started GET "/explore" for ::1 at 2016-05-10 12:51:56 +0800
Processing by PagesController#explore as HTML
  Rendered pages/explore.html.erb within layouts/application (0.1ms)
  Rendered layouts/_nav.html.erb (0.3ms)
Completed 200 OK in 63ms (Views: 62.0ms | ActiveRecord: 0.0ms)


Started GET "/assets/application.self-79c9079712df97ef995a77e18c1b28d02ccf802edddf847ecf0a6022b8593c06.css?body=1" for ::1 at 2016-05-10 12:51:56 +0800


Started GET "/assets/jquery.self-660adc51e0224b731d29f575a6f1ec167ba08ad06ed5deca4f1e8654c135bf4c.js?body=1" for ::1 at 2016-05-10 12:51:56 +0800


Started GET "/assets/bootstrap/affix.self-3555752f8a930795ee9e56751a52e6871104ae85d01b3ab8363da3802a5ecc78.js?body=1" for ::1 at 2016-05-10 12:51:56 +0800


Started GET "/assets/bootstrap/button.self-e74d33ba39500940a78d6fa4d2d64f6ca7fd86d60a2149641f7fde7ba711d8a1.js?body=1" for ::1 at 2016-05-10 12:51:56 +0800


Started GET "/assets/pages.self-e3b0c44298fc1c149afbf4c8996fb92427ae41e4649b934ca495991b7852b855.css?body=1" for ::1 at 2016-05-10 12:51:56 +0800


Started GET "/assets/bootstrap/alert.self-d8b7bd612b3dcfdefb7b5539b9d5848d66ccbd3e7af8bb8d48bfb3288aaa7be8.js?body=1" for ::1 at 2016-05-10 12:51:56 +0800


Started GET "/assets/bootstrap/carousel.self-35d204878d906298e55bc24553e11fd89b980fc4ffe5792fe36af8c0da289c54.js?body=1" for ::1 at 2016-05-10 12:51:56 +0800


Started GET "/assets/bootstrap/collapse.self-056c40532d9f0f126ec17e839f60c942f573fbd61a086e7f156306e3fc5e8c1f.js?body=1" for ::1 at 2016-05-10 12:51:56 +0800


Started GET "/assets/bootstrap/dropdown.self-e56c2ffee4618411d43ecf15c89273f6223847ad756e1cd17545d04afa732ed4.js?body=1" for ::1 at 2016-05-10 12:51:56 +0800


Started GET "/assets/bootstrap/modal.self-62463080dba6b9d024ff0a3192da0e76eacbc683194f3395047c6f5cfa0acb59.js?body=1" for ::1 at 2016-05-10 12:51:56 +0800


Started GET "/assets/bootstrap/scrollspy.self-52afd90e8ba97d9f08617a13986e8869d6c4a45751c0bff59a6f91241e722aca.js?body=1" for ::1 at 2016-05-10 12:51:56 +0800


Started GET "/assets/bootstrap/tab.self-dad0d5c377f9fae26394484535ebb23ccf68afae084f896af6ea4cdf8c9f6ae0.js?body=1" for ::1 at 2016-05-10 12:51:56 +0800


Started GET "/assets/bootstrap/transition.self-3b268d4cd8c79e46ded7392885f72f64ffb5b0d49948a12b8cf9779f6163e13a.js?body=1" for ::1 at 2016-05-10 12:51:56 +0800


Started GET "/assets/bootstrap/tooltip.self-facdc69246a072acb927ded77ff655f7c27a518b9357fddd45d119fbc8a0ab9f.js?body=1" for ::1 at 2016-05-10 12:51:56 +0800


Started GET "/assets/bootstrap/popover.self-210cff1fb4b72b71a29b5122180cb5937c8145cd13a934dc838280f1d9607a3e.js?body=1" for ::1 at 2016-05-10 12:51:56 +0800


Started GET "/assets/bootstrap-sprockets.self-fbfa5ad7d9aa0afe439ec4ff3883acc4cb92b62cb67c40d674320c9aa1d4642d.js?body=1" for ::1 at 2016-05-10 12:51:56 +0800


Started GET "/assets/jquery_ujs.self-e87806d0cf4489aeb1bb7288016024e8de67fd18db693fe026fe3907581e53cd.js?body=1" for ::1 at 2016-05-10 12:51:56 +0800


Started GET "/assets/turbolinks.self-c37727e9bd6b2735da5c311aa83fead54ed0be6cc8bd9a65309e9c5abe2cbfff.js?body=1" for ::1 at 2016-05-10 12:51:56 +0800


Started GET "/assets/pages.self-877aef30ae1b040ab8a3aba4e3e309a11d7f2612f44dde450b5c157aa5f95c05.js?body=1" for ::1 at 2016-05-10 12:51:56 +0800


Started GET "/assets/application.self-f8806224e027f3e3f0138ea9ce99319e298dfdb323304d1f1be6eae8e8c74724.js?body=1" for ::1 at 2016-05-10 12:51:56 +0800


Started GET "/" for ::1 at 2016-05-10 12:52:01 +0800
Processing by PagesController#index as HTML
  Rendered pages/index.html.erb within layouts/application (0.3ms)
  Rendered layouts/_nav.html.erb (0.0ms)
Completed 200 OK in 54ms (Views: 53.8ms | ActiveRecord: 0.0ms)


Started GET "/" for ::1 at 2016-05-10 12:53:01 +0800
Processing by PagesController#index as HTML
  Rendered pages/index.html.erb within layouts/application (0.0ms)
  Rendered layouts/_nav.html.erb (0.4ms)
Completed 200 OK in 40ms (Views: 39.9ms | ActiveRecord: 0.0ms)


Started GET "/" for ::1 at 2016-05-10 12:53:08 +0800
Processing by PagesController#index as HTML
  Rendered pages/index.html.erb within layouts/application (0.0ms)
  Rendered layouts/_nav.html.erb (0.0ms)
Completed 200 OK in 44ms (Views: 43.9ms | ActiveRecord: 0.0ms)


Started GET "/" for ::1 at 2016-05-10 12:54:20 +0800
Processing by PagesController#index as HTML
  Rendered pages/index.html.erb within layouts/application (0.0ms)
  Rendered layouts/_nav.html.erb (0.8ms)
Completed 200 OK in 49ms (Views: 48.2ms | ActiveRecord: 0.0ms)


Started GET "/" for ::1 at 2016-05-10 12:54:45 +0800
Processing by PagesController#index as HTML
  Rendered pages/index.html.erb within layouts/application (0.1ms)
  Rendered layouts/_nav.html.erb (0.4ms)
Completed 200 OK in 46ms (Views: 45.5ms | ActiveRecord: 0.0ms)


Started GET "/" for ::1 at 2016-05-10 13:00:51 +0800
Processing by PagesController#index as HTML
  Rendered pages/index.html.erb within layouts/application (0.0ms)
  Rendered layouts/_nav.html.erb (0.3ms)
Completed 200 OK in 40ms (Views: 40.0ms | ActiveRecord: 0.0ms)


Started GET "/" for ::1 at 2016-05-10 13:01:16 +0800
Processing by PagesController#index as HTML
  Rendered pages/index.html.erb within layouts/application (0.0ms)
  Rendered layouts/_nav.html.erb (0.4ms)
Completed 200 OK in 43ms (Views: 42.5ms | ActiveRecord: 0.0ms)


Started GET "/" for ::1 at 2016-05-10 13:01:51 +0800
Processing by PagesController#index as HTML
  Rendered pages/index.html.erb within layouts/application (0.0ms)
  Rendered layouts/_nav.html.erb (0.3ms)
Completed 200 OK in 40ms (Views: 40.0ms | ActiveRecord: 0.0ms)


Started GET "/" for ::1 at 2016-05-10 13:03:11 +0800
Processing by PagesController#index as HTML
  Rendered pages/index.html.erb within layouts/application (0.0ms)
  Rendered layouts/_nav.html.erb (0.3ms)
Completed 200 OK in 36ms (Views: 35.3ms | ActiveRecord: 0.0ms)


Started GET "/" for ::1 at 2016-05-10 13:04:15 +0800
Processing by PagesController#index as HTML
  Rendered pages/index.html.erb within layouts/application (0.0ms)
  Rendered layouts/_nav.html.erb (0.3ms)
Completed 200 OK in 38ms (Views: 37.5ms | ActiveRecord: 0.0ms)


Started GET "/" for ::1 at 2016-05-10 13:04:25 +0800
Processing by PagesController#index as HTML
  Rendered pages/index.html.erb within layouts/application (0.1ms)
  Rendered layouts/_nav.html.erb (0.3ms)
Completed 200 OK in 41ms (Views: 40.4ms | ActiveRecord: 0.0ms)


Started GET "/" for ::1 at 2016-05-10 13:05:51 +0800
Processing by PagesController#index as HTML
  Rendered pages/index.html.erb within layouts/application (0.0ms)
  Rendered layouts/_nav.html.erb (0.3ms)
Completed 200 OK in 46ms (Views: 45.7ms | ActiveRecord: 0.0ms)


Started GET "/" for ::1 at 2016-05-10 13:06:32 +0800
Processing by PagesController#index as HTML
  Rendered pages/index.html.erb within layouts/application (0.0ms)
  Rendered layouts/_nav.html.erb (0.4ms)
Completed 200 OK in 42ms (Views: 41.8ms | ActiveRecord: 0.0ms)


Started GET "/" for ::1 at 2016-05-10 13:16:46 +0800
Processing by PagesController#index as HTML
  Rendered pages/index.html.erb within layouts/application (0.9ms)
  Rendered layouts/_nav.html.erb (1.2ms)
Completed 200 OK in 327ms (Views: 319.3ms | ActiveRecord: 0.0ms)


Started GET "/" for ::1 at 2016-05-10 13:17:00 +0800
Processing by PagesController#index as HTML
  Rendered pages/index.html.erb within layouts/application (0.0ms)
  Rendered layouts/_nav.html.erb (0.1ms)
Completed 200 OK in 85ms (Views: 84.5ms | ActiveRecord: 0.0ms)


Started GET "/" for ::1 at 2016-05-10 13:19:54 +0800
Processing by PagesController#index as HTML
  Rendered pages/index.html.erb within layouts/application (0.0ms)
  Rendered layouts/_nav.html.erb (0.0ms)
Completed 200 OK in 49ms (Views: 48.3ms | ActiveRecord: 0.0ms)


Started GET "/home" for ::1 at 2016-05-10 13:19:58 +0800
Processing by PagesController#home as HTML
  Rendered pages/home.html.erb within layouts/application (0.3ms)
  Rendered layouts/_nav.html.erb (0.0ms)
Completed 200 OK in 63ms (Views: 62.5ms | ActiveRecord: 0.0ms)


Started GET "/home" for ::1 at 2016-05-10 13:22:49 +0800
Processing by PagesController#home as HTML
  Rendered pages/home.html.erb within layouts/application (0.7ms)
  Rendered layouts/_nav.html.erb (0.0ms)
Completed 200 OK in 69ms (Views: 68.0ms | ActiveRecord: 0.0ms)


Started GET "/home" for ::1 at 2016-05-10 13:23:16 +0800
Processing by PagesController#home as HTML
  Rendered pages/home.html.erb within layouts/application (0.3ms)
  Rendered layouts/_nav.html.erb (0.0ms)
Completed 200 OK in 41ms (Views: 40.4ms | ActiveRecord: 0.0ms)


Started GET "/home" for ::1 at 2016-05-10 13:25:11 +0800
Processing by PagesController#home as HTML
  Rendered pages/home.html.erb within layouts/application (0.1ms)
  Rendered layouts/_nav.html.erb (0.0ms)
Completed 200 OK in 45ms (Views: 45.1ms | ActiveRecord: 0.0ms)


Started GET "/home" for ::1 at 2016-05-10 13:25:16 +0800
Processing by PagesController#home as HTML
  Rendered pages/home.html.erb within layouts/application (0.0ms)
  Rendered layouts/_nav.html.erb (0.0ms)
Completed 200 OK in 40ms (Views: 39.9ms | ActiveRecord: 0.0ms)


Started GET "/home" for ::1 at 2016-05-10 13:25:58 +0800
Processing by PagesController#home as HTML
  Rendered pages/home.html.erb within layouts/application (0.0ms)
  Rendered layouts/_nav.html.erb (0.0ms)
Completed 200 OK in 39ms (Views: 38.7ms | ActiveRecord: 0.0ms)


Started GET "/home" for ::1 at 2016-05-10 13:26:09 +0800
Processing by PagesController#home as HTML
  Rendered pages/home.html.erb within layouts/application (0.0ms)
  Rendered layouts/_nav.html.erb (0.0ms)
Completed 200 OK in 45ms (Views: 44.2ms | ActiveRecord: 0.0ms)


Started GET "/home" for ::1 at 2016-05-10 13:27:42 +0800
Processing by PagesController#home as HTML
  Rendered pages/home.html.erb within layouts/application (0.3ms)
  Rendered layouts/_nav.html.erb (0.0ms)
Completed 200 OK in 43ms (Views: 43.0ms | ActiveRecord: 0.0ms)


Started GET "/home" for ::1 at 2016-05-10 13:28:15 +0800
Processing by PagesController#home as HTML
  Rendered pages/home.html.erb within layouts/application (0.3ms)
  Rendered layouts/_nav.html.erb (0.0ms)
Completed 200 OK in 38ms (Views: 38.1ms | ActiveRecord: 0.0ms)


Started GET "/home" for ::1 at 2016-05-10 13:29:48 +0800
Processing by PagesController#home as HTML
  Rendered pages/home.html.erb within layouts/application (0.3ms)
  Rendered layouts/_nav.html.erb (0.1ms)
Completed 200 OK in 45ms (Views: 44.8ms | ActiveRecord: 0.0ms)


Started GET "/home" for ::1 at 2016-05-10 13:30:56 +0800
Processing by PagesController#home as HTML
  Rendered pages/home.html.erb within layouts/application (0.5ms)
  Rendered layouts/_nav.html.erb (0.1ms)
Completed 200 OK in 43ms (Views: 42.3ms | ActiveRecord: 0.0ms)


Started GET "/home" for ::1 at 2016-05-10 13:32:38 +0800
Processing by PagesController#home as HTML
  Rendered pages/home.html.erb within layouts/application (0.3ms)
  Rendered layouts/_nav.html.erb (0.0ms)
Completed 200 OK in 45ms (Views: 45.0ms | ActiveRecord: 0.0ms)


Started GET "/home" for ::1 at 2016-05-10 13:34:26 +0800
Processing by PagesController#home as HTML
  Rendered pages/home.html.erb within layouts/application (0.3ms)
  Rendered layouts/_nav.html.erb (0.0ms)
Completed 200 OK in 41ms (Views: 40.6ms | ActiveRecord: 0.0ms)


Started GET "/profile" for ::1 at 2016-05-10 13:34:30 +0800
Processing by PagesController#profile as HTML
  Rendered pages/profile.html.erb within layouts/application (0.5ms)
  Rendered layouts/_nav.html.erb (0.0ms)
Completed 200 OK in 41ms (Views: 40.3ms | ActiveRecord: 0.0ms)


Started GET "/profile" for ::1 at 2016-05-10 13:35:24 +0800
Processing by PagesController#profile as HTML
  Rendered pages/profile.html.erb within layouts/application (0.3ms)
  Rendered layouts/_nav.html.erb (0.0ms)
Completed 200 OK in 43ms (Views: 42.3ms | ActiveRecord: 0.0ms)


Started GET "/profile" for ::1 at 2016-05-10 13:37:22 +0800
Processing by PagesController#profile as HTML
  Rendered pages/profile.html.erb within layouts/application (0.3ms)
  Rendered layouts/_nav.html.erb (0.1ms)
Completed 200 OK in 49ms (Views: 48.2ms | ActiveRecord: 0.0ms)


Started GET "/profile" for ::1 at 2016-05-10 13:38:17 +0800
Processing by PagesController#profile as HTML
  Rendered pages/profile.html.erb within layouts/application (0.2ms)
  Rendered layouts/_nav.html.erb (0.0ms)
Completed 200 OK in 38ms (Views: 37.8ms | ActiveRecord: 0.0ms)


Started GET "/profile" for ::1 at 2016-05-10 13:39:58 +0800
Processing by PagesController#profile as HTML
  Rendered pages/profile.html.erb within layouts/application (0.2ms)
  Rendered layouts/_nav.html.erb (0.5ms)
Completed 200 OK in 43ms (Views: 42.8ms | ActiveRecord: 0.0ms)


Started GET "/" for ::1 at 2016-05-10 13:40:00 +0800
Processing by PagesController#index as HTML
  Rendered pages/index.html.erb within layouts/application (0.3ms)
  Rendered layouts/_nav.html.erb (0.6ms)
Completed 200 OK in 52ms (Views: 51.4ms | ActiveRecord: 0.0ms)


Started GET "/home" for ::1 at 2016-05-10 13:40:02 +0800
Processing by PagesController#home as HTML
  Rendered pages/home.html.erb within layouts/application (0.3ms)
  Rendered layouts/_nav.html.erb (0.0ms)
Completed 200 OK in 54ms (Views: 54.1ms | ActiveRecord: 0.0ms)


Started GET "/explore" for ::1 at 2016-05-10 13:40:02 +0800
Processing by PagesController#explore as HTML
  Rendered pages/explore.html.erb within layouts/application (0.3ms)
  Rendered layouts/_nav.html.erb (0.1ms)
Completed 200 OK in 50ms (Views: 49.5ms | ActiveRecord: 0.0ms)


Started GET "/home" for ::1 at 2016-05-10 13:40:04 +0800
Processing by PagesController#home as HTML
  Rendered pages/home.html.erb within layouts/application (0.0ms)
  Rendered layouts/_nav.html.erb (0.0ms)
Completed 200 OK in 50ms (Views: 49.4ms | ActiveRecord: 0.0ms)


Started GET "/profile" for ::1 at 2016-05-10 13:40:05 +0800
Processing by PagesController#profile as HTML
  Rendered pages/profile.html.erb within layouts/application (0.4ms)
  Rendered layouts/_nav.html.erb (0.0ms)
Completed 200 OK in 44ms (Views: 43.7ms | ActiveRecord: 0.0ms)
